2025-12-19 10:54:33.817856 -0500 SERVER (info) Container Name: B
2025-12-19 10:54:33.817938 -0500 ROUTER (info) Router started in Interior mode, area=0 id=B
2025-12-19 10:54:33.817945 -0500 ROUTER (info) Version: 0.0.0
2025-12-19 10:54:33.818059 -0500 ROUTER_CORE (info) Streaming link scrubber: Scan interval: 30 seconds, max free pool: 128 links
2025-12-19 10:54:33.818065 -0500 ROUTER_CORE (info) Core module enabled: streaming_link_scrubber
2025-12-19 10:54:33.818089 -0500 ROUTER_CORE (info) Core module enabled: mobile_sync
2025-12-19 10:54:33.818094 -0500 ROUTER_CORE (info) Stuck delivery detection: Scan interval: 30 seconds, Delivery age threshold: 10 seconds
2025-12-19 10:54:33.818099 -0500 ROUTER_CORE (info) Core module enabled: stuck_delivery_detection
2025-12-19 10:54:33.818104 -0500 ROUTER_CORE (info) Core module enabled: address_lookup_client
2025-12-19 10:54:33.818116 -0500 ROUTER_CORE (info) Core module enabled: mesh_discovery_interior
2025-12-19 10:54:33.818121 -0500 ROUTER_CORE (info) Core module present but disabled: mesh_discovery_edge
2025-12-19 10:54:33.818126 -0500 ROUTER_CORE (info) Core module enabled: edge_addr_tracking
2025-12-19 10:54:33.818131 -0500 ROUTER_CORE (info) Core module present but disabled: core_test_hooks
2025-12-19 10:54:33.818136 -0500 ROUTER_CORE (info) Core module present but disabled: edge_router
2025-12-19 10:54:33.818291 -0500 ROUTER_CORE (info) Protocol adaptor registered: amqp
2025-12-19 10:54:33.818298 -0500 ROUTER_CORE (info) Protocol adaptor registered: tcp
2025-12-19 10:54:33.818353 -0500 TCP_ADAPTOR (info) Router buffer memory ceiling: 251.52 GiB (66324040 buffers)
2025-12-19 10:54:33.818650 -0500 ROUTER (info) Router Engine Instantiated: id=B instance=1766159673 max_routers=128
2025-12-19 10:54:33.893662 -0500 FLOW_LOG (info) Protocol logging started
2025-12-19 10:54:33.893887 -0500 ROUTER_CORE (info) Router Core thread running. 0/B
2025-12-19 10:54:33.907995 -0500 AGENT (info) Activating management agent on $_management_internal
2025-12-19 10:54:33.909296 -0500 POLICY (info) Policy configured maxConnections: 65535, policyDir: '',access rules enabled: 'false', use hostname patterns: 'false'
2025-12-19 10:54:33.909758 -0500 POLICY (info) Policy fallback defaultVhost is defined: '$default'
2025-12-19 10:54:33.910013 -0500 TCP_ADAPTOR (info) Configured TcpConnector for router-test, 127.0.0.1:5801
2025-12-19 10:54:33.910530 -0500 CONN_MGR (info) Inter-router data connections calculated at 5 
2025-12-19 10:54:33.910606 -0500 CONN_MGR (info) Configured  Connector: 127.0.0.1:25000 proto=any, role=inter-router
2025-12-19 10:54:33.910915 -0500 SERVER (info) Operational, 10 Threads Running (process ID 65457)
2025-12-19 10:54:33.910972 -0500 ROUTER (info) Process VmSize 425.13 MiB RSS 50.19 MiB (251.52 GiB available memory)
2025-12-19 10:54:33.998851 -0500 ROUTER_CORE (info) [C2] Connection Opened: dir=out host=127.0.0.1:25000 encrypted=no auth=ANONYMOUS user=(null) container_id=A props={:product="skupper-router", :version="0.0.0", :"qd.conn-id"=1, :"qd.access-id"="_KEpX:2", :"qd.annotations-version"=2}
2025-12-19 10:54:33.998924 -0500 ROUTER_CORE (info) [C3] Connection Opened: dir=out host=127.0.0.1:25000 encrypted=no auth=ANONYMOUS user=(null) container_id=A props={:product="skupper-router", :version="0.0.0", :"qd.conn-id"=2, :"qd.access-id"="_KEpX:2", :"qd.annotations-version"=2}
2025-12-19 10:54:33.999011 -0500 ROUTER_CORE (info) [C7] Connection Opened: dir=out host=127.0.0.1:25000 encrypted=no auth=ANONYMOUS user=(null) container_id=A props={:product="skupper-router", :version="0.0.0", :"qd.conn-id"=5, :"qd.access-id"="_KEpX:2", :"qd.annotations-version"=2}
2025-12-19 10:54:33.999079 -0500 ROUTER_CORE (info) [C4] Connection Opened: dir=out host=127.0.0.1:25000 encrypted=no auth=ANONYMOUS user=(null) container_id=A props={:product="skupper-router", :version="0.0.0", :"qd.conn-id"=3, :"qd.access-id"="_KEpX:2", :"qd.annotations-version"=2}
2025-12-19 10:54:33.999152 -0500 ROUTER_CORE (info) [C6] Connection Opened: dir=out host=127.0.0.1:25000 encrypted=no auth=ANONYMOUS user=(null) container_id=A props={:product="skupper-router", :version="0.0.0", :"qd.conn-id"=6, :"qd.access-id"="_KEpX:2", :"qd.annotations-version"=2}
2025-12-19 10:54:33.999225 -0500 ROUTER_CORE (info) [C5] Connection Opened: dir=out host=127.0.0.1:25000 encrypted=no auth=ANONYMOUS user=(null) container_id=A props={:product="skupper-router", :version="0.0.0", :"qd.conn-id"=4, :"qd.access-id"="_KEpX:2", :"qd.annotations-version"=2}
2025-12-19 10:54:35.817914 -0500 FLOW_LOG (info) ROUTER [K2a9_:0] BEGIN mode=interior hostname=Brontonomicon name=0/B buildVersion=0.0.0
2025-12-19 10:54:35.820139 -0500 ROUTER_LS (info) Computed next hops: {'A': 'A'}
2025-12-19 10:54:35.820178 -0500 ROUTER_LS (info) Computed costs: {'A': 1}
2025-12-19 10:54:35.820204 -0500 ROUTER_LS (info) Computed valid origins: {'A': []}
2025-12-19 10:54:35.820228 -0500 ROUTER_LS (info) Computed radius: 1
2025-12-19 10:54:36.820683 -0500 ROUTER_LS (info) Computed next hops: {'A': 'A'}
2025-12-19 10:54:36.820743 -0500 ROUTER_LS (info) Computed costs: {'A': 1}
2025-12-19 10:54:36.820788 -0500 ROUTER_LS (info) Computed valid origins: {'A': []}
2025-12-19 10:54:36.820814 -0500 ROUTER_LS (info) Computed radius: 1
2025-12-19 10:58:53.631194 -0500 ROUTER (info) Shut Down
2025-12-19 10:58:53.645057 -0500 ROUTER_CORE (info) Router Core thread exited
2025-12-19 10:58:53.645147 -0500 TCP_ADAPTOR (info) Shutting down TCP protocol adaptor
2025-12-19 10:58:53.645191 -0500 TCP_ADAPTOR (info) Deleted TcpConnector for router-test, 127.0.0.1:5801
2025-12-19 10:58:53.645201 -0500 SERVER (info) [C2] Closing connection on shutdown
2025-12-19 10:58:53.645219 -0500 SERVER (info) [C3] Closing connection on shutdown
2025-12-19 10:58:53.645229 -0500 SERVER (info) [C4] Closing connection on shutdown
2025-12-19 10:58:53.645245 -0500 SERVER (info) [C5] Closing connection on shutdown
2025-12-19 10:58:53.645254 -0500 SERVER (info) [C6] Closing connection on shutdown
2025-12-19 10:58:53.645263 -0500 SERVER (info) [C7] Closing connection on shutdown
2025-12-19 10:58:53.645313 -0500 FLOW_LOG (info) CONNECTOR [K2a9_:1] BEGIN END parent=K2a9_:0 destHost=127.0.0.1 protocol=tcp destPort=5801 vanAddress=router-test name=tcpConnector/127.0.0.1:5801 flowCountL4=67 flowRateL4=0
2025-12-19 10:58:53.645336 -0500 FLOW_LOG (info) LINK [K2a9_:2] BEGIN END parent=K2a9_:0 peer=_KEpX:2 destHost=127.0.0.1 protocol=amqp destPort=25000 octets=50961 name=connectorToA linkCost=1 octetRate=116 operStatus=up role=inter-router upTimeStamp=1766159673999028 downCount=0 octetsReverse=50893 octetRateReverse=168
2025-12-19 10:58:53.645346 -0500 FLOW_LOG (info) Protocol logging completed
2025-12-19 10:58:53.645455 -0500 ROUTER_CORE (info) Finalizing core module: edge_addr_tracking
2025-12-19 10:58:53.645464 -0500 ROUTER_CORE (info) Finalizing core module: mesh_discovery_interior
2025-12-19 10:58:53.645471 -0500 ROUTER_CORE (info) Finalizing core module: address_lookup_client
2025-12-19 10:58:53.645476 -0500 ROUTER_CORE (info) Finalizing core module: stuck_delivery_detection
2025-12-19 10:58:53.645482 -0500 ROUTER_CORE (info) Finalizing core module: mobile_sync
2025-12-19 10:58:53.645489 -0500 ROUTER_CORE (info) Finalizing core module: streaming_link_scrubber
