2025-12-19 00:22:42.407500 -0500 ROUTER (info) Inter-router data connections calculated at 5 
2025-12-19 00:22:42.425283 -0500 SERVER (info) Container Name: B
2025-12-19 00:22:42.425325 -0500 ROUTER (info) Router started in Interior mode, area=0 id=B
2025-12-19 00:22:42.425331 -0500 ROUTER (info) Version: 0.0.0
2025-12-19 00:22:42.425446 -0500 ROUTER_CORE (info) Streaming link scrubber: Scan interval: 30 seconds, max free pool: 128 links
2025-12-19 00:22:42.425452 -0500 ROUTER_CORE (info) Core module enabled: streaming_link_scrubber
2025-12-19 00:22:42.425478 -0500 ROUTER_CORE (info) Core module enabled: mobile_sync
2025-12-19 00:22:42.425483 -0500 ROUTER_CORE (info) Stuck delivery detection: Scan interval: 30 seconds, Delivery age threshold: 10 seconds
2025-12-19 00:22:42.425488 -0500 ROUTER_CORE (info) Core module enabled: stuck_delivery_detection
2025-12-19 00:22:42.425493 -0500 ROUTER_CORE (info) Core module enabled: address_lookup_client
2025-12-19 00:22:42.425505 -0500 ROUTER_CORE (info) Core module enabled: mesh_discovery_interior
2025-12-19 00:22:42.425510 -0500 ROUTER_CORE (info) Core module present but disabled: mesh_discovery_edge
2025-12-19 00:22:42.425516 -0500 ROUTER_CORE (info) Core module enabled: edge_addr_tracking
2025-12-19 00:22:42.425521 -0500 ROUTER_CORE (info) Core module present but disabled: core_test_hooks
2025-12-19 00:22:42.425525 -0500 ROUTER_CORE (info) Core module present but disabled: edge_router
2025-12-19 00:22:42.425666 -0500 ROUTER_CORE (info) Protocol adaptor registered: amqp
2025-12-19 00:22:42.425678 -0500 ROUTER_CORE (info) Protocol adaptor registered: tcp
2025-12-19 00:22:42.425724 -0500 FLOW_LOG (info) Protocol logging started
2025-12-19 00:22:42.425799 -0500 TCP_ADAPTOR (info) Router buffer memory ceiling: 251.52 GiB (66324040 buffers)
2025-12-19 00:22:42.425944 -0500 ROUTER_CORE (info) Router Core thread running. 0/B
2025-12-19 00:22:42.426110 -0500 ROUTER (info) Router Engine Instantiated: id=B instance=1766121762 max_routers=128
2025-12-19 00:22:42.517024 -0500 AGENT (info) Activating management agent on $_management_internal
2025-12-19 00:22:42.518317 -0500 POLICY (info) Policy configured maxConnections: 65535, policyDir: '',access rules enabled: 'false', use hostname patterns: 'false'
2025-12-19 00:22:42.518810 -0500 POLICY (info) Policy fallback defaultVhost is defined: '$default'
2025-12-19 00:22:42.519033 -0500 TCP_ADAPTOR (info) Configured TcpConnector for router-test, 127.0.0.1:5801
2025-12-19 00:22:42.519627 -0500 CONN_MGR (info) Configured  Connector: 127.0.0.1:25000 proto=any, role=inter-router
2025-12-19 00:22:42.519931 -0500 SERVER (info) Operational, 10 Threads Running (process ID 35785)
2025-12-19 00:22:42.520002 -0500 ROUTER (info) Process VmSize 425.26 MiB RSS 53.39 MiB (251.52 GiB available memory)
2025-12-19 00:22:42.603546 -0500 ROUTER_CORE (info) [C5] Connection Opened: dir=out host=127.0.0.1:25000 encrypted=no auth=ANONYMOUS user=(null) container_id=A props={:product="skupper-router", :version="0.0.0", :"qd.conn-id"=4, :"qd.access-id"="q1eqe:2", :"qd.annotations-version"=2}
2025-12-19 00:22:42.603636 -0500 ROUTER_CORE (info) [C2] Connection Opened: dir=out host=127.0.0.1:25000 encrypted=no auth=ANONYMOUS user=(null) container_id=A props={:product="skupper-router", :version="0.0.0", :"qd.conn-id"=1, :"qd.access-id"="q1eqe:2", :"qd.annotations-version"=2}
2025-12-19 00:22:42.603746 -0500 ROUTER_CORE (info) [C7] Connection Opened: dir=out host=127.0.0.1:25000 encrypted=no auth=ANONYMOUS user=(null) container_id=A props={:product="skupper-router", :version="0.0.0", :"qd.conn-id"=6, :"qd.access-id"="q1eqe:2", :"qd.annotations-version"=2}
2025-12-19 00:22:42.603892 -0500 ROUTER_CORE (info) [C4] Connection Opened: dir=out host=127.0.0.1:25000 encrypted=no auth=ANONYMOUS user=(null) container_id=A props={:product="skupper-router", :version="0.0.0", :"qd.conn-id"=2, :"qd.access-id"="q1eqe:2", :"qd.annotations-version"=2}
2025-12-19 00:22:42.604018 -0500 ROUTER_CORE (info) [C6] Connection Opened: dir=out host=127.0.0.1:25000 encrypted=no auth=ANONYMOUS user=(null) container_id=A props={:product="skupper-router", :version="0.0.0", :"qd.conn-id"=5, :"qd.access-id"="q1eqe:2", :"qd.annotations-version"=2}
2025-12-19 00:22:42.604085 -0500 ROUTER_CORE (info) [C3] Connection Opened: dir=out host=127.0.0.1:25000 encrypted=no auth=ANONYMOUS user=(null) container_id=A props={:product="skupper-router", :version="0.0.0", :"qd.conn-id"=3, :"qd.access-id"="q1eqe:2", :"qd.annotations-version"=2}
2025-12-19 00:22:44.425246 -0500 FLOW_LOG (info) ROUTER [Vgclb:0] BEGIN mode=interior hostname=Brontonomicon name=0/B buildVersion=0.0.0
2025-12-19 00:22:44.427432 -0500 ROUTER_LS (info) Computed next hops: {'A': 'A'}
2025-12-19 00:22:44.427486 -0500 ROUTER_LS (info) Computed costs: {'A': 1}
2025-12-19 00:22:44.427512 -0500 ROUTER_LS (info) Computed valid origins: {'A': []}
2025-12-19 00:22:44.427535 -0500 ROUTER_LS (info) Computed radius: 1
2025-12-19 00:22:45.427670 -0500 ROUTER_LS (info) Computed next hops: {'A': 'A'}
2025-12-19 00:22:45.427727 -0500 ROUTER_LS (info) Computed costs: {'A': 1}
2025-12-19 00:22:45.427754 -0500 ROUTER_LS (info) Computed valid origins: {'A': []}
2025-12-19 00:22:45.427791 -0500 ROUTER_LS (info) Computed radius: 1
2025-12-19 00:27:02.138910 -0500 ROUTER (info) Shut Down
2025-12-19 00:27:02.148179 -0500 ROUTER_CORE (info) Router Core thread exited
2025-12-19 00:27:02.148273 -0500 TCP_ADAPTOR (info) Shutting down TCP protocol adaptor
2025-12-19 00:27:02.148293 -0500 TCP_ADAPTOR (info) Deleted TcpConnector for router-test, 127.0.0.1:5801
2025-12-19 00:27:02.148302 -0500 SERVER (info) [C2] Closing connection on shutdown
2025-12-19 00:27:02.148319 -0500 SERVER (info) [C3] Closing connection on shutdown
2025-12-19 00:27:02.148328 -0500 SERVER (info) [C4] Closing connection on shutdown
2025-12-19 00:27:02.148342 -0500 SERVER (info) [C5] Closing connection on shutdown
2025-12-19 00:27:02.148351 -0500 SERVER (info) [C6] Closing connection on shutdown
2025-12-19 00:27:02.148359 -0500 SERVER (info) [C7] Closing connection on shutdown
2025-12-19 00:27:02.148404 -0500 FLOW_LOG (info) CONNECTOR [Vgclb:1] BEGIN END parent=Vgclb:0 destHost=127.0.0.1 protocol=tcp destPort=5801 vanAddress=router-test name=tcpConnector/127.0.0.1:5801 flowCountL4=67
2025-12-19 00:27:02.148438 -0500 FLOW_LOG (info) LINK [Vgclb:2] BEGIN END parent=Vgclb:0 peer=q1eqe:2 destHost=127.0.0.1 protocol=amqp destPort=25000 octets=50926 name=connectorToA linkCost=1 operStatus=up role=inter-router upTimeStamp=1766121762603780 downCount=0 octetsReverse=51079
2025-12-19 00:27:02.148447 -0500 FLOW_LOG (info) Protocol logging completed
2025-12-19 00:27:02.148555 -0500 ROUTER_CORE (info) Finalizing core module: edge_addr_tracking
2025-12-19 00:27:02.148565 -0500 ROUTER_CORE (info) Finalizing core module: mesh_discovery_interior
2025-12-19 00:27:02.148571 -0500 ROUTER_CORE (info) Finalizing core module: address_lookup_client
2025-12-19 00:27:02.148576 -0500 ROUTER_CORE (info) Finalizing core module: stuck_delivery_detection
2025-12-19 00:27:02.148582 -0500 ROUTER_CORE (info) Finalizing core module: mobile_sync
2025-12-19 00:27:02.148588 -0500 ROUTER_CORE (info) Finalizing core module: streaming_link_scrubber
