2025-12-19 04:25:25.529935 -0500 ROUTER (info) Inter-router data connections calculated at 5 
2025-12-19 04:25:25.548067 -0500 SERVER (info) Container Name: B
2025-12-19 04:25:25.548111 -0500 ROUTER (info) Router started in Interior mode, area=0 id=B
2025-12-19 04:25:25.548117 -0500 ROUTER (info) Version: 0.0.0
2025-12-19 04:25:25.548229 -0500 ROUTER_CORE (info) Streaming link scrubber: Scan interval: 30 seconds, max free pool: 128 links
2025-12-19 04:25:25.548236 -0500 ROUTER_CORE (info) Core module enabled: streaming_link_scrubber
2025-12-19 04:25:25.548264 -0500 ROUTER_CORE (info) Core module enabled: mobile_sync
2025-12-19 04:25:25.548269 -0500 ROUTER_CORE (info) Stuck delivery detection: Scan interval: 30 seconds, Delivery age threshold: 10 seconds
2025-12-19 04:25:25.548274 -0500 ROUTER_CORE (info) Core module enabled: stuck_delivery_detection
2025-12-19 04:25:25.548279 -0500 ROUTER_CORE (info) Core module enabled: address_lookup_client
2025-12-19 04:25:25.548290 -0500 ROUTER_CORE (info) Core module enabled: mesh_discovery_interior
2025-12-19 04:25:25.548295 -0500 ROUTER_CORE (info) Core module present but disabled: mesh_discovery_edge
2025-12-19 04:25:25.548301 -0500 ROUTER_CORE (info) Core module enabled: edge_addr_tracking
2025-12-19 04:25:25.548306 -0500 ROUTER_CORE (info) Core module present but disabled: core_test_hooks
2025-12-19 04:25:25.548310 -0500 ROUTER_CORE (info) Core module present but disabled: edge_router
2025-12-19 04:25:25.548464 -0500 ROUTER_CORE (info) Protocol adaptor registered: amqp
2025-12-19 04:25:25.548484 -0500 FLOW_LOG (info) Protocol logging started
2025-12-19 04:25:25.548549 -0500 ROUTER_CORE (info) Protocol adaptor registered: tcp
2025-12-19 04:25:25.548603 -0500 TCP_ADAPTOR (info) Router buffer memory ceiling: 251.52 GiB (66324040 buffers)
2025-12-19 04:25:25.548785 -0500 ROUTER_CORE (info) Router Core thread running. 0/B
2025-12-19 04:25:25.548956 -0500 ROUTER (info) Router Engine Instantiated: id=B instance=1766136325 max_routers=128
2025-12-19 04:25:25.639957 -0500 AGENT (info) Activating management agent on $_management_internal
2025-12-19 04:25:25.641233 -0500 POLICY (info) Policy configured maxConnections: 65535, policyDir: '',access rules enabled: 'false', use hostname patterns: 'false'
2025-12-19 04:25:25.641692 -0500 POLICY (info) Policy fallback defaultVhost is defined: '$default'
2025-12-19 04:25:25.641916 -0500 TCP_ADAPTOR (info) Configured TcpConnector for router-test, 127.0.0.1:5801
2025-12-19 04:25:25.642505 -0500 CONN_MGR (info) Configured  Connector: 127.0.0.1:25000 proto=any, role=inter-router
2025-12-19 04:25:25.642782 -0500 SERVER (info) Operational, 10 Threads Running (process ID 45878)
2025-12-19 04:25:25.642839 -0500 ROUTER (info) Process VmSize 425.26 MiB RSS 53.32 MiB (251.52 GiB available memory)
2025-12-19 04:25:25.728238 -0500 ROUTER_CORE (info) [C7] Connection Opened: dir=out host=127.0.0.1:25000 encrypted=no auth=ANONYMOUS user=(null) container_id=A props={:product="skupper-router", :version="0.0.0", :"qd.conn-id"=6, :"qd.access-id"="jOcB9:2", :"qd.annotations-version"=2}
2025-12-19 04:25:25.728330 -0500 ROUTER_CORE (info) [C2] Connection Opened: dir=out host=127.0.0.1:25000 encrypted=no auth=ANONYMOUS user=(null) container_id=A props={:product="skupper-router", :version="0.0.0", :"qd.conn-id"=1, :"qd.access-id"="jOcB9:2", :"qd.annotations-version"=2}
2025-12-19 04:25:25.728408 -0500 ROUTER_CORE (info) [C5] Connection Opened: dir=out host=127.0.0.1:25000 encrypted=no auth=ANONYMOUS user=(null) container_id=A props={:product="skupper-router", :version="0.0.0", :"qd.conn-id"=4, :"qd.access-id"="jOcB9:2", :"qd.annotations-version"=2}
2025-12-19 04:25:25.728545 -0500 ROUTER_CORE (info) [C3] Connection Opened: dir=out host=127.0.0.1:25000 encrypted=no auth=ANONYMOUS user=(null) container_id=A props={:product="skupper-router", :version="0.0.0", :"qd.conn-id"=2, :"qd.access-id"="jOcB9:2", :"qd.annotations-version"=2}
2025-12-19 04:25:25.728629 -0500 ROUTER_CORE (info) [C4] Connection Opened: dir=out host=127.0.0.1:25000 encrypted=no auth=ANONYMOUS user=(null) container_id=A props={:product="skupper-router", :version="0.0.0", :"qd.conn-id"=3, :"qd.access-id"="jOcB9:2", :"qd.annotations-version"=2}
2025-12-19 04:25:25.728701 -0500 ROUTER_CORE (info) [C6] Connection Opened: dir=out host=127.0.0.1:25000 encrypted=no auth=ANONYMOUS user=(null) container_id=A props={:product="skupper-router", :version="0.0.0", :"qd.conn-id"=5, :"qd.access-id"="jOcB9:2", :"qd.annotations-version"=2}
2025-12-19 04:25:27.548869 -0500 FLOW_LOG (info) ROUTER [oiNOP:0] BEGIN mode=interior hostname=Brontonomicon name=0/B buildVersion=0.0.0
2025-12-19 04:25:27.632670 -0500 ROUTER_LS (info) Computed next hops: {'A': 'A'}
2025-12-19 04:25:27.632732 -0500 ROUTER_LS (info) Computed costs: {'A': 1}
2025-12-19 04:25:27.632757 -0500 ROUTER_LS (info) Computed valid origins: {'A': []}
2025-12-19 04:25:27.632827 -0500 ROUTER_LS (info) Computed radius: 1
2025-12-19 04:25:28.634217 -0500 ROUTER_LS (info) Computed next hops: {'A': 'A'}
2025-12-19 04:25:28.634273 -0500 ROUTER_LS (info) Computed costs: {'A': 1}
2025-12-19 04:25:28.634299 -0500 ROUTER_LS (info) Computed valid origins: {'A': []}
2025-12-19 04:25:28.634322 -0500 ROUTER_LS (info) Computed radius: 1
2025-12-19 04:29:45.461865 -0500 ROUTER (info) Shut Down
2025-12-19 04:29:45.475458 -0500 ROUTER_CORE (info) Router Core thread exited
2025-12-19 04:29:45.475540 -0500 TCP_ADAPTOR (info) Shutting down TCP protocol adaptor
2025-12-19 04:29:45.475578 -0500 TCP_ADAPTOR (info) Deleted TcpConnector for router-test, 127.0.0.1:5801
2025-12-19 04:29:45.475588 -0500 SERVER (info) [C2] Closing connection on shutdown
2025-12-19 04:29:45.475604 -0500 SERVER (info) [C3] Closing connection on shutdown
2025-12-19 04:29:45.475613 -0500 SERVER (info) [C4] Closing connection on shutdown
2025-12-19 04:29:45.475629 -0500 SERVER (info) [C5] Closing connection on shutdown
2025-12-19 04:29:45.475637 -0500 SERVER (info) [C6] Closing connection on shutdown
2025-12-19 04:29:45.475645 -0500 SERVER (info) [C7] Closing connection on shutdown
2025-12-19 04:29:45.475691 -0500 FLOW_LOG (info) CONNECTOR [oiNOP:1] BEGIN END parent=oiNOP:0 destHost=127.0.0.1 protocol=tcp destPort=5801 vanAddress=router-test name=tcpConnector/127.0.0.1:5801 flowCountL4=67
2025-12-19 04:29:45.475710 -0500 FLOW_LOG (info) LINK [oiNOP:2] BEGIN END parent=oiNOP:0 peer=jOcB9:2 destHost=127.0.0.1 protocol=amqp destPort=25000 octets=50944 name=connectorToA linkCost=1 operStatus=up role=inter-router upTimeStamp=1766136325728272 downCount=0 octetsReverse=50935
2025-12-19 04:29:45.475719 -0500 FLOW_LOG (info) Protocol logging completed
2025-12-19 04:29:45.475831 -0500 ROUTER_CORE (info) Finalizing core module: edge_addr_tracking
2025-12-19 04:29:45.475844 -0500 ROUTER_CORE (info) Finalizing core module: mesh_discovery_interior
2025-12-19 04:29:45.475850 -0500 ROUTER_CORE (info) Finalizing core module: address_lookup_client
2025-12-19 04:29:45.475855 -0500 ROUTER_CORE (info) Finalizing core module: stuck_delivery_detection
2025-12-19 04:29:45.475861 -0500 ROUTER_CORE (info) Finalizing core module: mobile_sync
2025-12-19 04:29:45.475867 -0500 ROUTER_CORE (info) Finalizing core module: streaming_link_scrubber
