2025-12-19 07:40:59.749176 -0500 SERVER (info) Container Name: B
2025-12-19 07:40:59.749259 -0500 ROUTER (info) Router started in Interior mode, area=0 id=B
2025-12-19 07:40:59.749265 -0500 ROUTER (info) Version: 0.0.0
2025-12-19 07:40:59.749376 -0500 ROUTER_CORE (info) Streaming link scrubber: Scan interval: 30 seconds, max free pool: 128 links
2025-12-19 07:40:59.749382 -0500 ROUTER_CORE (info) Core module enabled: streaming_link_scrubber
2025-12-19 07:40:59.749406 -0500 ROUTER_CORE (info) Core module enabled: mobile_sync
2025-12-19 07:40:59.749412 -0500 ROUTER_CORE (info) Stuck delivery detection: Scan interval: 30 seconds, Delivery age threshold: 10 seconds
2025-12-19 07:40:59.749417 -0500 ROUTER_CORE (info) Core module enabled: stuck_delivery_detection
2025-12-19 07:40:59.749421 -0500 ROUTER_CORE (info) Core module enabled: address_lookup_client
2025-12-19 07:40:59.749432 -0500 ROUTER_CORE (info) Core module enabled: mesh_discovery_interior
2025-12-19 07:40:59.749436 -0500 ROUTER_CORE (info) Core module present but disabled: mesh_discovery_edge
2025-12-19 07:40:59.749442 -0500 ROUTER_CORE (info) Core module enabled: edge_addr_tracking
2025-12-19 07:40:59.749447 -0500 ROUTER_CORE (info) Core module present but disabled: core_test_hooks
2025-12-19 07:40:59.749451 -0500 ROUTER_CORE (info) Core module present but disabled: edge_router
2025-12-19 07:40:59.749606 -0500 ROUTER_CORE (info) Protocol adaptor registered: amqp
2025-12-19 07:40:59.749613 -0500 ROUTER_CORE (info) Protocol adaptor registered: tcp
2025-12-19 07:40:59.749631 -0500 FLOW_LOG (info) Protocol logging started
2025-12-19 07:40:59.749668 -0500 TCP_ADAPTOR (info) Router buffer memory ceiling: 251.52 GiB (66324040 buffers)
2025-12-19 07:40:59.749831 -0500 ROUTER_CORE (info) Router Core thread running. 0/B
2025-12-19 07:40:59.750004 -0500 ROUTER (info) Router Engine Instantiated: id=B instance=1766148059 max_routers=128
2025-12-19 07:40:59.765667 -0500 AGENT (info) Activating management agent on $_management_internal
2025-12-19 07:40:59.767103 -0500 POLICY (info) Policy configured maxConnections: 65535, policyDir: '',access rules enabled: 'false', use hostname patterns: 'false'
2025-12-19 07:40:59.767558 -0500 POLICY (info) Policy fallback defaultVhost is defined: '$default'
2025-12-19 07:40:59.767811 -0500 TCP_ADAPTOR (info) Configured TcpConnector for router-test, 127.0.0.1:5801
2025-12-19 07:40:59.768341 -0500 CONN_MGR (info) Inter-router data connections calculated at 5 
2025-12-19 07:40:59.768415 -0500 CONN_MGR (info) Configured  Connector: 127.0.0.1:25000 proto=any, role=inter-router
2025-12-19 07:40:59.768681 -0500 SERVER (info) Operational, 10 Threads Running (process ID 55737)
2025-12-19 07:40:59.768736 -0500 ROUTER (info) Process VmSize 425.26 MiB RSS 52.25 MiB (251.52 GiB available memory)
2025-12-19 07:40:59.852250 -0500 ROUTER_CORE (info) [C2] Connection Opened: dir=out host=127.0.0.1:25000 encrypted=no auth=ANONYMOUS user=(null) container_id=A props={:product="skupper-router", :version="0.0.0", :"qd.conn-id"=1, :"qd.access-id"="MyIAU:2", :"qd.annotations-version"=2}
2025-12-19 07:40:59.852490 -0500 ROUTER_CORE (info) [C4] Connection Opened: dir=out host=127.0.0.1:25000 encrypted=no auth=ANONYMOUS user=(null) container_id=A props={:product="skupper-router", :version="0.0.0", :"qd.conn-id"=2, :"qd.access-id"="MyIAU:2", :"qd.annotations-version"=2}
2025-12-19 07:40:59.852788 -0500 ROUTER_CORE (info) [C7] Connection Opened: dir=out host=127.0.0.1:25000 encrypted=no auth=ANONYMOUS user=(null) container_id=A props={:product="skupper-router", :version="0.0.0", :"qd.conn-id"=5, :"qd.access-id"="MyIAU:2", :"qd.annotations-version"=2}
2025-12-19 07:40:59.852838 -0500 ROUTER_CORE (info) [C3] Connection Opened: dir=out host=127.0.0.1:25000 encrypted=no auth=ANONYMOUS user=(null) container_id=A props={:product="skupper-router", :version="0.0.0", :"qd.conn-id"=3, :"qd.access-id"="MyIAU:2", :"qd.annotations-version"=2}
2025-12-19 07:40:59.852909 -0500 ROUTER_CORE (info) [C6] Connection Opened: dir=out host=127.0.0.1:25000 encrypted=no auth=ANONYMOUS user=(null) container_id=A props={:product="skupper-router", :version="0.0.0", :"qd.conn-id"=6, :"qd.access-id"="MyIAU:2", :"qd.annotations-version"=2}
2025-12-19 07:40:59.852991 -0500 ROUTER_CORE (info) [C5] Connection Opened: dir=out host=127.0.0.1:25000 encrypted=no auth=ANONYMOUS user=(null) container_id=A props={:product="skupper-router", :version="0.0.0", :"qd.conn-id"=4, :"qd.access-id"="MyIAU:2", :"qd.annotations-version"=2}
2025-12-19 07:41:01.749112 -0500 FLOW_LOG (info) ROUTER [92IR+:0] BEGIN mode=interior hostname=Brontonomicon name=0/B buildVersion=0.0.0
2025-12-19 07:41:01.751264 -0500 ROUTER_LS (info) Computed next hops: {'A': 'A'}
2025-12-19 07:41:01.754060 -0500 ROUTER_LS (info) Computed costs: {'A': 1}
2025-12-19 07:41:01.754092 -0500 ROUTER_LS (info) Computed valid origins: {'A': []}
2025-12-19 07:41:01.754115 -0500 ROUTER_LS (info) Computed radius: 1
2025-12-19 07:41:02.754459 -0500 ROUTER_LS (info) Computed next hops: {'A': 'A'}
2025-12-19 07:41:02.754513 -0500 ROUTER_LS (info) Computed costs: {'A': 1}
2025-12-19 07:41:02.754538 -0500 ROUTER_LS (info) Computed valid origins: {'A': []}
2025-12-19 07:41:02.754561 -0500 ROUTER_LS (info) Computed radius: 1
2025-12-19 07:45:19.386707 -0500 ROUTER (info) Shut Down
2025-12-19 07:45:19.395965 -0500 ROUTER_CORE (info) Router Core thread exited
2025-12-19 07:45:19.396064 -0500 TCP_ADAPTOR (info) Shutting down TCP protocol adaptor
2025-12-19 07:45:19.396086 -0500 TCP_ADAPTOR (info) Deleted TcpConnector for router-test, 127.0.0.1:5801
2025-12-19 07:45:19.396097 -0500 SERVER (info) [C2] Closing connection on shutdown
2025-12-19 07:45:19.396115 -0500 SERVER (info) [C3] Closing connection on shutdown
2025-12-19 07:45:19.396124 -0500 SERVER (info) [C4] Closing connection on shutdown
2025-12-19 07:45:19.396138 -0500 SERVER (info) [C5] Closing connection on shutdown
2025-12-19 07:45:19.396146 -0500 SERVER (info) [C6] Closing connection on shutdown
2025-12-19 07:45:19.396154 -0500 SERVER (info) [C7] Closing connection on shutdown
2025-12-19 07:45:19.396203 -0500 FLOW_LOG (info) LINK [92IR+:2] BEGIN END parent=92IR+:0 peer=MyIAU:2 destHost=127.0.0.1 protocol=amqp destPort=25000 octets=51399 name=connectorToA linkCost=1 octetRate=116 operStatus=up role=inter-router upTimeStamp=1766148059852801 downCount=0 octetsReverse=50738 octetRateReverse=168
2025-12-19 07:45:19.396236 -0500 FLOW_LOG (info) CONNECTOR [92IR+:1] BEGIN END parent=92IR+:0 destHost=127.0.0.1 protocol=tcp destPort=5801 vanAddress=router-test name=tcpConnector/127.0.0.1:5801 flowCountL4=67 flowRateL4=0
2025-12-19 07:45:19.396245 -0500 FLOW_LOG (info) Protocol logging completed
2025-12-19 07:45:19.396358 -0500 ROUTER_CORE (info) Finalizing core module: edge_addr_tracking
2025-12-19 07:45:19.396368 -0500 ROUTER_CORE (info) Finalizing core module: mesh_discovery_interior
2025-12-19 07:45:19.396374 -0500 ROUTER_CORE (info) Finalizing core module: address_lookup_client
2025-12-19 07:45:19.396380 -0500 ROUTER_CORE (info) Finalizing core module: stuck_delivery_detection
2025-12-19 07:45:19.396386 -0500 ROUTER_CORE (info) Finalizing core module: mobile_sync
2025-12-19 07:45:19.396392 -0500 ROUTER_CORE (info) Finalizing core module: streaming_link_scrubber
